Arguments: 
  /opt/homebrew/Cellar/node/20.6.1/bin/node /opt/homebrew/bin/yarn add echarts

PATH: 
  /Users/huangxuxiang/.local/bin:/opt/homebrew/bin:/opt/homebrew/sbin:/usr/local/bin:/usr/bin:/bin:/usr/sbin:/sbin:/Applications/VMware Fusion.app/Contents/Public:/usr/local/go/bin:/usr/local/share/dotnet:~/.dotnet/tools:/Users/huangxuxiang/.local/bin:/opt/homebrew/bin:/opt/homebrew/sbin:/Users/huangxuxiang/.cargo/bin

Yarn version: 
  1.22.19

Node version: 
  20.6.1

Platform: 
  darwin arm64

Trace: 
  Error: ENOENT: no such file or directory, copyfile '/Users/huangxuxiang/Library/Caches/Yarn/v6/npm-glob-parent-6.0.2-6d237d99083950c79290f24c7642a3de9a28f9e3-integrity/node_modules/glob-parent/index.js' -> '/Users/huangxuxiang/Desktop/Momenta/umimax/node_modules/eslint/node_modules/glob-parent/index.js'

npm manifest: 
  {
    "private": true,
    "author": "白Z <huangxuxiang01@gmail.com>",
    "scripts": {
      "dev": "max dev",
      "build": "max build",
      "format": "prettier --cache --write .",
      "prepare": "husky install",
      "postinstall": "max setup",
      "setup": "max setup",
      "start": "npm run dev"
    },
    "dependencies": {
      "@ant-design/icons": "^4.8.2",
      "@ant-design/pro-components": "^2.6.50",
      "@umijs/max": "^4.1.2",
      "antd": "^5.15.3"
    },
    "devDependencies": {
      "@types/react": "^18.2.66",
      "@types/react-dom": "^18.2.22",
      "husky": "^9.0.11",
      "lint-staged": "^15.2.2",
      "prettier": "^3.2.5",
      "prettier-plugin-organize-imports": "^3.2.4",
      "prettier-plugin-packagejson": "^2.4.12",
      "typescript": "^5.4.2"
    }
  }

yarn manifest: 
  No manifest

Lockfile: 
  No lockfile
